2025-11-04 08:26:29,256 MDAnalysis   INFO     MDAnalysis 1.0.0 STARTED logging to PosixPath('/data/prod/mad/mad_services/ibuild_mda.log')
2025-11-04 08:26:29,260 MDAnalysis.core.universe DEBUG    _process_attr: Adding <MDAnalysis.core.topologyattrs.Atomindices object at 0xffff4b7e9c70> to topology
2025-11-04 08:26:29,260 MDAnalysis.core.universe DEBUG    _process_attr: Adding <MDAnalysis.core.topologyattrs.Resindices object at 0xffff4cbdf800> to topology
2025-11-04 08:26:29,260 MDAnalysis.core.universe DEBUG    _process_attr: Adding <MDAnalysis.core.topologyattrs.Segindices object at 0xffff4b72f470> to topology
2025-11-04 08:26:29,260 MDAnalysis.core.universe DEBUG    _process_attr: Adding <MDAnalysis.core.topologyattrs.Atomnames object at 0xffff75532c90> to topology
2025-11-04 08:26:29,260 MDAnalysis.core.universe DEBUG    _process_attr: Adding <MDAnalysis.core.topologyattrs.Resnames object at 0xffff4a309bb0> to topology
2025-11-04 08:26:29,260 MDAnalysis.core.universe DEBUG    _process_attr: Adding <MDAnalysis.core.topologyattrs.Resids object at 0xffff4a309e20> to topology
2025-11-04 08:26:29,264 MDAnalysis.core.universe DEBUG    _process_attr: Adding <MDAnalysis.core.topologyattrs.Atomnames object at 0xffff95bfebd0> to topology
2025-11-04 08:26:29,264 MDAnalysis.core.universe DEBUG    _process_attr: Adding <MDAnalysis.core.topologyattrs.Atomids object at 0xffff6e615b20> to topology
2025-11-04 08:26:29,264 MDAnalysis.core.universe DEBUG    _process_attr: Adding <MDAnalysis.core.topologyattrs.Resids object at 0xffff4a30a1e0> to topology
2025-11-04 08:26:29,264 MDAnalysis.core.universe DEBUG    _process_attr: Adding <MDAnalysis.core.topologyattrs.Resnums object at 0xffff4a30a180> to topology
2025-11-04 08:26:29,264 MDAnalysis.core.universe DEBUG    _process_attr: Adding <MDAnalysis.core.topologyattrs.Resnames object at 0xffff4a30a210> to topology
2025-11-04 08:26:29,264 MDAnalysis.core.universe DEBUG    _process_attr: Adding <MDAnalysis.core.topologyattrs.Segids object at 0xffff4a30a2d0> to topology
2025-11-04 08:26:29,264 MDAnalysis.core.universe DEBUG    _process_attr: Adding <MDAnalysis.core.topologyattrs.Atomindices object at 0xffff4a30a2a0> to topology
2025-11-04 08:26:29,264 MDAnalysis.core.universe DEBUG    _process_attr: Adding <MDAnalysis.core.topologyattrs.Resindices object at 0xffff4a30a5d0> to topology
2025-11-04 08:26:29,264 MDAnalysis.core.universe DEBUG    _process_attr: Adding <MDAnalysis.core.topologyattrs.Segindices object at 0xffff4a30a600> to topology
2025-11-04 08:26:29,265 MDAnalysis.core.universe DEBUG    Universe.load_new(): loading /data/prod/mad/mad_services/work_dir/9547988c-0df0-451f-b1a5-ca1dc42c8614.gro...
2025-11-04 08:26:29,266 MDAnalysis.core.universe DEBUG    _process_attr: Adding <MDAnalysis.core.topologyattrs.Atomtypes object at 0xffff75512db0> to topology
2025-11-04 08:26:29,266 MDAnalysis.core.universe INFO     attribute types has been guessed successfully.
2025-11-04 08:26:29,266 MDAnalysis.core.universe DEBUG    _process_attr: Adding <MDAnalysis.core.topologyattrs.Masses object at 0xffff50695ac0> to topology
2025-11-04 08:26:29,266 MDAnalysis.core.universe INFO     attribute masses has been guessed successfully.
2025-11-04 08:26:29,268 MDAnalysis.core.universe DEBUG    _process_attr: Adding <MDAnalysis.core.topologyattrs.Atomnames object at 0xffff4b7beb10> to topology
2025-11-04 08:26:29,268 MDAnalysis.core.universe DEBUG    _process_attr: Adding <MDAnalysis.core.topologyattrs.Atomids object at 0xffff4b7bf440> to topology
2025-11-04 08:26:29,268 MDAnalysis.core.universe DEBUG    _process_attr: Adding <MDAnalysis.core.topologyattrs.Resids object at 0xffff4a309730> to topology
2025-11-04 08:26:29,268 MDAnalysis.core.universe DEBUG    _process_attr: Adding <MDAnalysis.core.topologyattrs.Resnums object at 0xffff4a309a30> to topology
2025-11-04 08:26:29,268 MDAnalysis.core.universe DEBUG    _process_attr: Adding <MDAnalysis.core.topologyattrs.Resnames object at 0xffff4a308a40> to topology
2025-11-04 08:26:29,268 MDAnalysis.core.universe DEBUG    _process_attr: Adding <MDAnalysis.core.topologyattrs.Segids object at 0xffff4a309490> to topology
2025-11-04 08:26:29,268 MDAnalysis.core.universe DEBUG    _process_attr: Adding <MDAnalysis.core.topologyattrs.Atomindices object at 0xffff4a30b3b0> to topology
2025-11-04 08:26:29,268 MDAnalysis.core.universe DEBUG    _process_attr: Adding <MDAnalysis.core.topologyattrs.Resindices object at 0xffff4a30b3e0> to topology
2025-11-04 08:26:29,268 MDAnalysis.core.universe DEBUG    _process_attr: Adding <MDAnalysis.core.topologyattrs.Segindices object at 0xffff4a30b410> to topology
2025-11-04 08:26:29,269 MDAnalysis.core.universe DEBUG    Universe.load_new(): loading /data/prod/mad/mad_services/work_dir/9547988c-0df0-451f-b1a5-ca1dc42c8614.gro...
2025-11-04 08:26:29,270 MDAnalysis.core.universe DEBUG    _process_attr: Adding <MDAnalysis.core.topologyattrs.Atomtypes object at 0xffff4a34cb60> to topology
2025-11-04 08:26:29,270 MDAnalysis.core.universe INFO     attribute types has been guessed successfully.
2025-11-04 08:26:29,270 MDAnalysis.core.universe DEBUG    _process_attr: Adding <MDAnalysis.core.topologyattrs.Masses object at 0xffff4a34ca70> to topology
2025-11-04 08:26:29,270 MDAnalysis.core.universe INFO     attribute masses has been guessed successfully.
2025-11-04 08:26:29,276 MDAnalysis.core.universe DEBUG    _process_attr: Adding <MDAnalysis.core.topologyattrs.Atomnames object at 0xffff74be6e40> to topology
2025-11-04 08:26:29,276 MDAnalysis.core.universe DEBUG    _process_attr: Adding <MDAnalysis.core.topologyattrs.Atomids object at 0xffff4a34d7f0> to topology
2025-11-04 08:26:29,276 MDAnalysis.core.universe DEBUG    _process_attr: Adding <MDAnalysis.core.topologyattrs.Resids object at 0xffff4a34d3a0> to topology
2025-11-04 08:26:29,276 MDAnalysis.core.universe DEBUG    _process_attr: Adding <MDAnalysis.core.topologyattrs.Resnums object at 0xffff4a34d820> to topology
2025-11-04 08:26:29,276 MDAnalysis.core.universe DEBUG    _process_attr: Adding <MDAnalysis.core.topologyattrs.Resnames object at 0xffff4a34d850> to topology
2025-11-04 08:26:29,276 MDAnalysis.core.universe DEBUG    _process_attr: Adding <MDAnalysis.core.topologyattrs.Segids object at 0xffff4a34d880> to topology
2025-11-04 08:26:29,276 MDAnalysis.core.universe DEBUG    _process_attr: Adding <MDAnalysis.core.topologyattrs.Atomindices object at 0xffff4a34d940> to topology
2025-11-04 08:26:29,276 MDAnalysis.core.universe DEBUG    _process_attr: Adding <MDAnalysis.core.topologyattrs.Resindices object at 0xffff4a34d970> to topology
2025-11-04 08:26:29,276 MDAnalysis.core.universe DEBUG    _process_attr: Adding <MDAnalysis.core.topologyattrs.Segindices object at 0xffff4a34d9a0> to topology
2025-11-04 08:26:29,277 MDAnalysis.core.universe DEBUG    Universe.load_new(): loading /data/prod/mad/mad_services/work_dir/box.gro...
2025-11-04 08:26:29,278 MDAnalysis.core.universe DEBUG    _process_attr: Adding <MDAnalysis.core.topologyattrs.Atomtypes object at 0xffff4a309fd0> to topology
2025-11-04 08:26:29,278 MDAnalysis.core.universe INFO     attribute types has been guessed successfully.
2025-11-04 08:26:29,278 MDAnalysis.core.universe DEBUG    _process_attr: Adding <MDAnalysis.core.topologyattrs.Masses object at 0xffff4adb32f0> to topology
2025-11-04 08:26:29,278 MDAnalysis.core.universe INFO     attribute masses has been guessed successfully.
2025-11-04 08:26:51,945 MDAnalysis.core.universe DEBUG    _process_attr: Adding <MDAnalysis.core.topologyattrs.Atomnames object at 0xffff4a34d160> to topology
2025-11-04 08:26:51,945 MDAnalysis.core.universe DEBUG    _process_attr: Adding <MDAnalysis.core.topologyattrs.Atomids object at 0xffff4a34d5b0> to topology
2025-11-04 08:26:51,945 MDAnalysis.core.universe DEBUG    _process_attr: Adding <MDAnalysis.core.topologyattrs.Resids object at 0xffff4a34c890> to topology
2025-11-04 08:26:51,945 MDAnalysis.core.universe DEBUG    _process_attr: Adding <MDAnalysis.core.topologyattrs.Resnums object at 0xffff4a34d550> to topology
2025-11-04 08:26:51,945 MDAnalysis.core.universe DEBUG    _process_attr: Adding <MDAnalysis.core.topologyattrs.Resnames object at 0xffff4a34d4f0> to topology
2025-11-04 08:26:51,945 MDAnalysis.core.universe DEBUG    _process_attr: Adding <MDAnalysis.core.topologyattrs.Segids object at 0xffff4a34d3d0> to topology
2025-11-04 08:26:51,946 MDAnalysis.core.universe DEBUG    _process_attr: Adding <MDAnalysis.core.topologyattrs.Atomindices object at 0xffff4a34d400> to topology
2025-11-04 08:26:51,946 MDAnalysis.core.universe DEBUG    _process_attr: Adding <MDAnalysis.core.topologyattrs.Resindices object at 0xffff4a34d490> to topology
2025-11-04 08:26:51,946 MDAnalysis.core.universe DEBUG    _process_attr: Adding <MDAnalysis.core.topologyattrs.Segindices object at 0xffff4a34d8b0> to topology
2025-11-04 08:26:51,946 MDAnalysis.core.universe DEBUG    Universe.load_new(): loading /data/prod/mad/mad_services/work_dir/rel-igen.gro...
2025-11-04 08:26:51,972 MDAnalysis.core.universe DEBUG    _process_attr: Adding <MDAnalysis.core.topologyattrs.Atomtypes object at 0xffff4a34c5c0> to topology
2025-11-04 08:26:51,973 MDAnalysis.core.universe INFO     attribute types has been guessed successfully.
2025-11-04 08:26:51,973 MDAnalysis.core.universe DEBUG    _process_attr: Adding <MDAnalysis.core.topologyattrs.Masses object at 0xffff4a34f290> to topology
2025-11-04 08:26:51,973 MDAnalysis.core.universe INFO     attribute masses has been guessed successfully.
2025-11-04 08:26:51,990 MDAnalysis.topology.PDBParser INFO     Setting segids from chainIDs because no segids found in the PDB file.
2025-11-04 08:26:51,990 MDAnalysis.topology.PDBParser INFO     Segment/chain ID is empty, setting segids to default value 'SYSTEM'.
2025-11-04 08:26:51,992 MDAnalysis.core.universe DEBUG    _process_attr: Adding <MDAnalysis.core.topologyattrs.Atomnames object at 0xffff4a34fe30> to topology
2025-11-04 08:26:51,992 MDAnalysis.core.universe DEBUG    _process_attr: Adding <MDAnalysis.core.topologyattrs.AltLocs object at 0xffff4a34fe00> to topology
2025-11-04 08:26:51,992 MDAnalysis.core.universe DEBUG    _process_attr: Adding <MDAnalysis.core.topologyattrs.ChainIDs object at 0xffff4a34fe60> to topology
2025-11-04 08:26:51,992 MDAnalysis.core.universe DEBUG    _process_attr: Adding <MDAnalysis.core.topologyattrs.RecordTypes object at 0xffff4acd8dd0> to topology
2025-11-04 08:26:51,992 MDAnalysis.core.universe DEBUG    _process_attr: Adding <MDAnalysis.core.topologyattrs.Atomids object at 0xffff4a34fe90> to topology
2025-11-04 08:26:51,992 MDAnalysis.core.universe DEBUG    _process_attr: Adding <MDAnalysis.core.topologyattrs.Tempfactors object at 0xffff4a34fec0> to topology
2025-11-04 08:26:51,992 MDAnalysis.core.universe DEBUG    _process_attr: Adding <MDAnalysis.core.topologyattrs.Occupancies object at 0xffff4a34fef0> to topology
2025-11-04 08:26:51,992 MDAnalysis.core.universe DEBUG    _process_attr: Adding <MDAnalysis.core.topologyattrs.Resnums object at 0xffff4a34fd70> to topology
2025-11-04 08:26:51,992 MDAnalysis.core.universe DEBUG    _process_attr: Adding <MDAnalysis.core.topologyattrs.Resids object at 0xffff4a34fce0> to topology
2025-11-04 08:26:51,992 MDAnalysis.core.universe DEBUG    _process_attr: Adding <MDAnalysis.core.topologyattrs.ICodes object at 0xffff4a34fc50> to topology
2025-11-04 08:26:51,992 MDAnalysis.core.universe DEBUG    _process_attr: Adding <MDAnalysis.core.topologyattrs.Resnames object at 0xffff4a34fb90> to topology
2025-11-04 08:26:51,992 MDAnalysis.core.universe DEBUG    _process_attr: Adding <MDAnalysis.core.topologyattrs.Segids object at 0xffff4a34f740> to topology
2025-11-04 08:26:51,992 MDAnalysis.core.universe DEBUG    _process_attr: Adding <MDAnalysis.core.topologyattrs.Atomindices object at 0xffff4a34d0d0> to topology
2025-11-04 08:26:51,992 MDAnalysis.core.universe DEBUG    _process_attr: Adding <MDAnalysis.core.topologyattrs.Resindices object at 0xffff4a34cda0> to topology
2025-11-04 08:26:51,992 MDAnalysis.core.universe DEBUG    _process_attr: Adding <MDAnalysis.core.topologyattrs.Segindices object at 0xffff4a34fa70> to topology
2025-11-04 08:26:51,992 MDAnalysis.core.universe DEBUG    _process_attr: Adding <MDAnalysis.core.topologyattrs.Bonds object at 0xffff4adb0e60> to topology
2025-11-04 08:26:51,993 MDAnalysis.core.universe DEBUG    Universe.load_new(): loading /data/prod/mad/mad_services/work_dir/5021c567-d7a4-403c-a9e2-f28b4c595f70.pdb...
2025-11-04 08:26:51,994 MDAnalysis.core.universe DEBUG    _process_attr: Adding <MDAnalysis.core.topologyattrs.Atomtypes object at 0xffff72da21b0> to topology
2025-11-04 08:26:51,994 MDAnalysis.core.universe INFO     attribute types has been guessed successfully.
2025-11-04 08:26:51,994 MDAnalysis.core.universe DEBUG    _process_attr: Adding <MDAnalysis.core.topologyattrs.Masses object at 0xffff4a35a9f0> to topology
2025-11-04 08:26:51,994 MDAnalysis.core.universe INFO     attribute masses has been guessed successfully.
