                      :-) GROMACS - gmx mdrun, 2024.2 (-:

Copyright 1991-2024 The GROMACS Authors.
GROMACS is free software; you can redistribute it and/or modify it
under the terms of the GNU Lesser General Public License
as published by the Free Software Foundation; either version 2.1
of the License, or (at your option) any later version.

                         Current GROMACS contributors:
       Mark Abraham           Andrey Alekseenko           Vladimir Basov      
      Cathrine Bergh            Eliane Briand               Ania Brown        
      Mahesh Doijade            Giacomo Fiorin          Stefan Fleischmann    
      Sergey Gorelov         Gilles Gouaillardet            Alan Gray         
     M. Eric Irrgang         Farzaneh Jalalypour            Joe Jordan        
     Carsten Kutzner           Justin A. Lemkul          Magnus Lundborg      
       Pascal Merz              Vedran Miletic            Dmitry Morozov      
       Julien Nabet              Szilard Pall        Andrea Pasquadibisceglie 
    Michele Pellegrino          Hubert Santuz             Roland Schulz       
     Tatiana Shugaeva          Alexey Shvetsov            Philip Turner       
     Alessandra Villa      Sebastian Wingbermuehle  

                         Previous GROMACS contributors:
        Emile Apol             Rossen Apostolov           James Barnett       
        Paul Bauer          Herman J.C. Berendsen          Par Bjelkmar       
      Christian Blau          Viacheslav Bolnykh            Kevin Boyd        
    Aldert van Buuren          Carlo Camilloni           Rudi van Drunen      
      Anton Feenstra           Oliver Fleetwood            Vytas Gapsys       
       Gaurav Garg             Gerrit Groenhof            Bert de Groot       
      Anca Hamuraru           Vincent Hindriksen          Victor Holanda      
     Aleksei Iupinov          Christoph Junghans        Prashanth Kanduri     
   Dimitrios Karkoulis           Peter Kasson             Sebastian Kehl      
     Sebastian Keller             Jiri Kraus               Per Larsson        
      Viveca Lindahl            Erik Marklund           Pieter Meulenhoff     
      Teemu Murtola              Sander Pronk             Michael Shirts      
      Alfons Sijbers            Balint Soproni         David van der Spoel    
      Peter Tieleman            Carsten Uphoff             Jon Vincent        
     Teemu Virolainen         Christian Wennberg           Maarten Wolf       
      Artem Zhmurov       

                  Coordinated by the GROMACS project leaders:
                           Berk Hess and Erik Lindahl

GROMACS:      gmx mdrun, version 2024.2
Executable:   /usr/local/gromacs/bin/gmx
Data prefix:  /usr/local/gromacs
Working dir:  /data/prod/mad/mad_services/work_dir
Process ID:   8267
Command line:
  gmx mdrun -deffnm rel-igen -v -nt 5 -pin on -pinoffset 0

GROMACS version:     2024.2
Precision:           mixed
Memory model:        64 bit
MPI library:         thread_mpi
OpenMP support:      enabled (GMX_OPENMP_MAX_THREADS = 128)
GPU support:         disabled
SIMD instructions:   ARM_NEON_ASIMD
CPU FFT library:     fftw-3.3.8
GPU FFT library:     none
Multi-GPU FFT:       none
TNG support:         enabled
Hwloc support:       disabled
Tracing support:     disabled
C compiler:          /usr/bin/cc GNU 12.2.0
C compiler flags:    -fexcess-precision=fast -funroll-all-loops -Wno-missing-field-initializers -O3 -DNDEBUG
C++ compiler:        /usr/bin/c++ GNU 12.2.0
C++ compiler flags:  -fexcess-precision=fast -funroll-all-loops -Wno-missing-field-initializers -Wno-cast-function-type-strict -fopenmp -O3 -DNDEBUG
BLAS library:        Internal
LAPACK library:      Internal


Running on 1 node with total 14 cores, 14 processing units
Hardware detected on host 28fce84e582f:
  CPU info:
    Vendor: ARM
    Brand:  0x000
    Family: 8   Model: 0   Stepping: 0
    Features: neon neon_asimd
  Hardware topology: Basic
    Packages, cores, and logical processors:
    [indices refer to OS logical processors]
      Package  0: [   0] [   1] [   2] [   3] [   4] [   5] [   6] [   7] [   8] [   9] [  10] [  11] [  12] [  13]
    CPU limit set by OS: -1   Recommended max number of threads: 14


++++ PLEASE READ AND CITE THE FOLLOWING REFERENCE ++++
M. J. Abraham, T. Murtola, R. Schulz, S. Páll, J. C. Smith, B. Hess, E.
Lindahl
GROMACS: High performance molecular simulations through multi-level
parallelism from laptops to supercomputers
SoftwareX 1 (2015) pp. 19-25
-------- -------- --- Thank You --- -------- --------


++++ PLEASE READ AND CITE THE FOLLOWING REFERENCE ++++
S. Páll, M. J. Abraham, C. Kutzner, B. Hess, E. Lindahl
Tackling Exascale Software Challenges in Molecular Dynamics Simulations with
GROMACS
In S. Markidis & E. Laure (Eds.), Solving Software Challenges for Exascale 8759 (2015) pp. 3-27
-------- -------- --- Thank You --- -------- --------


++++ PLEASE READ AND CITE THE FOLLOWING REFERENCE ++++
S. Pronk, S. Páll, R. Schulz, P. Larsson, P. Bjelkmar, R. Apostolov, M. R.
Shirts, J. C. Smith, P. M. Kasson, D. van der Spoel, B. Hess, and E. Lindahl
GROMACS 4.5: a high-throughput and highly parallel open source molecular
simulation toolkit
Bioinformatics 29 (2013) pp. 845-54
-------- -------- --- Thank You --- -------- --------


++++ PLEASE READ AND CITE THE FOLLOWING REFERENCE ++++
B. Hess and C. Kutzner and D. van der Spoel and E. Lindahl
GROMACS 4: Algorithms for highly efficient, load-balanced, and scalable
molecular simulation
J. Chem. Theory Comput. 4 (2008) pp. 435-447
-------- -------- --- Thank You --- -------- --------


++++ PLEASE READ AND CITE THE FOLLOWING REFERENCE ++++
D. van der Spoel, E. Lindahl, B. Hess, G. Groenhof, A. E. Mark and H. J. C.
Berendsen
GROMACS: Fast, Flexible and Free
J. Comp. Chem. 26 (2005) pp. 1701-1719
-------- -------- --- Thank You --- -------- --------


++++ PLEASE READ AND CITE THE FOLLOWING REFERENCE ++++
E. Lindahl and B. Hess and D. van der Spoel
GROMACS 3.0: A package for molecular simulation and trajectory analysis
J. Mol. Mod. 7 (2001) pp. 306-317
-------- -------- --- Thank You --- -------- --------


++++ PLEASE READ AND CITE THE FOLLOWING REFERENCE ++++
H. J. C. Berendsen, D. van der Spoel and R. van Drunen
GROMACS: A message-passing parallel molecular dynamics implementation
Comp. Phys. Comm. 91 (1995) pp. 43-56
-------- -------- --- Thank You --- -------- --------


++++ PLEASE CITE THE DOI FOR THIS VERSION OF GROMACS ++++
https://doi.org/10.5281/zenodo.11148655
-------- -------- --- Thank You --- -------- --------

Input Parameters:
   integrator                     = md
   tinit                          = 0
   dt                             = 0.01
   nsteps                         = 100000
   init-step                      = 0
   simulation-part                = 1
   mts                            = false
   mass-repartition-factor        = 1
   comm-mode                      = Linear
   nstcomm                        = 100
   bd-fric                        = 0
   ld-seed                        = -826278065
   emtol                          = 10
   emstep                         = 0.01
   niter                          = 20
   fcstep                         = 0
   nstcgsteep                     = 1000
   nbfgscorr                      = 10
   rtpi                           = 0.05
   nstxout                        = 0
   nstvout                        = 0
   nstfout                        = 0
   nstlog                         = 10000
   nstcalcenergy                  = 100
   nstenergy                      = 100
   nstxout-compressed             = 1000
   compressed-x-precision         = 100
   cutoff-scheme                  = Verlet
   nstlist                        = 20
   pbc                            = xyz
   periodic-molecules             = false
   verlet-buffer-tolerance        = -1
   verlet-buffer-pressure-tolerance = -1
   rlist                          = 1.35
   coulombtype                    = Reaction-Field
   coulomb-modifier               = Potential-shift
   rcoulomb-switch                = 0
   rcoulomb                       = 1.1
   epsilon-r                      = 15
   epsilon-rf                     = inf
   vdw-type                       = Cut-off
   vdw-modifier                   = Potential-shift
   rvdw-switch                    = 0
   rvdw                           = 1.1
   DispCorr                       = No
   table-extension                = 1
   fourierspacing                 = 0.12
   fourier-nx                     = 0
   fourier-ny                     = 0
   fourier-nz                     = 0
   pme-order                      = 4
   ewald-rtol                     = 1e-05
   ewald-rtol-lj                  = 0.001
   lj-pme-comb-rule               = Geometric
   ewald-geometry                 = 3d
   epsilon-surface                = 0
   ensemble-temperature-setting   = constant
   ensemble-temperature           = 300
   tcoupl                         = Berendsen
   nsttcouple                     = 20
   nh-chain-length                = 0
   print-nose-hoover-chain-variables = false
   pcoupl                         = Berendsen
   pcoupltype                     = Isotropic
   nstpcouple                     = 100
   tau-p                          = 12
   compressibility (3x3):
      compressibility[    0]={ 3.00000e-04,  0.00000e+00,  0.00000e+00}
      compressibility[    1]={ 0.00000e+00,  3.00000e-04,  0.00000e+00}
      compressibility[    2]={ 0.00000e+00,  0.00000e+00,  3.00000e-04}
   ref-p (3x3):
      ref-p[    0]={ 1.00000e+00,  0.00000e+00,  0.00000e+00}
      ref-p[    1]={ 0.00000e+00,  1.00000e+00,  0.00000e+00}
      ref-p[    2]={ 0.00000e+00,  0.00000e+00,  1.00000e+00}
   refcoord-scaling               = COM
   posres-com (3):
      posres-com[0]= 1.13780e-01
      posres-com[1]= 1.13780e-01
      posres-com[2]= 4.99712e-01
   posres-comB (3):
      posres-comB[0]= 1.13780e-01
      posres-comB[1]= 1.13780e-01
      posres-comB[2]= 4.99712e-01
   QMMM                           = false
qm-opts:
   ngQM                           = 0
   constraint-algorithm           = Lincs
   continuation                   = false
   Shake-SOR                      = false
   shake-tol                      = 0.0001
   lincs-order                    = 12
   lincs-iter                     = 4
   lincs-warnangle                = 90
   nwall                          = 0
   wall-type                      = 9-3
   wall-r-linpot                  = -1
   wall-atomtype[0]               = -1
   wall-atomtype[1]               = -1
   wall-density[0]                = 0
   wall-density[1]                = 0
   wall-ewald-zfac                = 3
   pull                           = false
   awh                            = false
   rotation                       = false
   interactiveMD                  = false
   disre                          = No
   disre-weighting                = Conservative
   disre-mixed                    = false
   dr-fc                          = 1000
   dr-tau                         = 0
   nstdisreout                    = 100
   orire-fc                       = 0
   orire-tau                      = 0
   nstorireout                    = 100
   free-energy                    = no
   cos-acceleration               = 0
   deform (3x3):
      deform[    0]={ 0.00000e+00,  0.00000e+00,  0.00000e+00}
      deform[    1]={ 0.00000e+00,  0.00000e+00,  0.00000e+00}
      deform[    2]={ 0.00000e+00,  0.00000e+00,  0.00000e+00}
   simulated-tempering            = false
   swapcoords                     = no
   userint1                       = 0
   userint2                       = 0
   userint3                       = 0
   userint4                       = 0
   userreal1                      = 0
   userreal2                      = 0
   userreal3                      = 0
   userreal4                      = 0
   applied-forces:
     electric-field:
       x:
         E0                       = 0
         omega                    = 0
         t0                       = 0
         sigma                    = 0
       y:
         E0                       = 0
         omega                    = 0
         t0                       = 0
         sigma                    = 0
       z:
         E0                       = 0
         omega                    = 0
         t0                       = 0
         sigma                    = 0
     density-guided-simulation:
       active                     = false
       group                      = protein
       similarity-measure         = inner-product
       atom-spreading-weight      = unity
       force-constant             = 1e+09
       gaussian-transform-spreading-width = 0.2
       gaussian-transform-spreading-range-in-multiples-of-width = 4
       reference-density-filename = reference.mrc
       nst                        = 1
       normalize-densities        = true
       adaptive-force-scaling     = false
       adaptive-force-scaling-time-constant = 4
       shift-vector               = 
       transformation-matrix      = 
     qmmm-cp2k:
       active                     = false
       qmgroup                    = System
       qmmethod                   = PBE
       qmfilenames                = 
       qmcharge                   = 0
       qmmultiplicity             = 1
     colvars:
       active                     = false
       configfile                 = 
       seed                       = -1
grpopts:
   nrdf:       21963
   ref-t:         300
   tau-t:           1
annealing:          No
annealing-npoints:           0
   acc:	           0           0           0
   nfreeze:           N           N           N
   energygrp-flags[  0]: 0

Can not increase nstlist because verlet-buffer-tolerance is not set or used
When checking whether update groups are usable:
  Domain decomposition is not active, so there is no need for update groups
  No constraints or virtual sites are in use, so it is best not to use update groups
Using 1 MPI thread
Using 5 OpenMP threads 

System total charge: 0.000
Reaction-Field:
epsRF = 0, rc = 1.1, krf = 0.375657, crf = 1.36364, epsfac = 9.26236
The electrostatics potential has its minimum at r = 1.1
Potential shift: LJ r^-12: -3.186e-01 r^-6: -5.645e-01


Using SIMD4xM 4x4 nonbonded short-range kernels

Using a 4x4 pair-list setup:
  updated every 20 steps, buffer 0.250 nm, rlist 1.350 nm

The average pressure is off by at most 0.00 bar due to missing LJ interactions

Using full Lennard-Jones parameter combination matrix
Removing pbc first time

Pinning threads with an auto-selected logical cpu stride of 1

++++ PLEASE READ AND CITE THE FOLLOWING REFERENCE ++++
H. J. C. Berendsen, J. P. M. Postma, A. DiNola and J. R. Haak
Molecular dynamics with coupling to an external bath
J. Chem. Phys. 81 (1984) pp. 3684-3690
-------- -------- --- Thank You --- -------- --------

There are: 7322 Atoms
Center of mass motion removal mode is Linear
We have the following groups for center of mass motion removal:
  0:  rest
Initial temperature: 300.037 K

Started mdrun on rank 0 Tue Nov  4 10:34:21 2025

           Step           Time
              0        0.00000

   Energies (kJ/mol)
           Bond          Angle        LJ (SR)   Coulomb (SR)   Flat-b. P-R.
    3.92148e+00    5.06795e+01   -2.11840e+05   -5.40269e-01    2.96786e+01
      Potential    Kinetic En.   Total Energy  Conserved En.    Temperature
   -2.11756e+05    2.73947e+04   -1.84361e+05   -1.83915e+05    3.00034e+02
 Pressure (bar)
   -4.21956e+02

           Step           Time
          10000      100.00000

   Energies (kJ/mol)
           Bond          Angle        LJ (SR)   Coulomb (SR)   Flat-b. P-R.
    1.43112e+01    1.54136e+01   -1.79540e+05   -5.39672e-01    2.04152e+00
      Potential    Kinetic En.   Total Energy  Conserved En.    Temperature
   -1.79509e+05    2.73030e+04   -1.52206e+05   -1.83974e+05    2.99029e+02
 Pressure (bar)
    1.96851e+01

           Step           Time
          20000      200.00000

   Energies (kJ/mol)
           Bond          Angle        LJ (SR)   Coulomb (SR)   Flat-b. P-R.
    1.49176e+01    1.69121e+01   -1.79580e+05   -4.86263e-01    1.02607e+00
      Potential    Kinetic En.   Total Energy  Conserved En.    Temperature
   -1.79548e+05    2.74198e+04   -1.52128e+05   -1.83950e+05    3.00309e+02
 Pressure (bar)
    8.51399e+00

           Step           Time
          30000      300.00000

   Energies (kJ/mol)
           Bond          Angle        LJ (SR)   Coulomb (SR)   Flat-b. P-R.
    1.05967e+01    1.17246e+01   -1.79605e+05   -5.60797e-01    5.82511e+00
      Potential    Kinetic En.   Total Energy  Conserved En.    Temperature
   -1.79578e+05    2.71552e+04   -1.52422e+05   -1.83931e+05    2.97411e+02
 Pressure (bar)
    2.11786e+01

           Step           Time
          40000      400.00000

   Energies (kJ/mol)
           Bond          Angle        LJ (SR)   Coulomb (SR)   Flat-b. P-R.
    1.49021e+01    2.00885e+01   -1.79597e+05   -5.04484e-01    4.50544e+00
      Potential    Kinetic En.   Total Energy  Conserved En.    Temperature
   -1.79558e+05    2.74065e+04   -1.52151e+05   -1.83912e+05    3.00164e+02
 Pressure (bar)
    1.87860e+01

           Step           Time
          50000      500.00000

   Energies (kJ/mol)
           Bond          Angle        LJ (SR)   Coulomb (SR)   Flat-b. P-R.
    1.46512e+01    1.58626e+01   -1.79743e+05   -5.73940e-01    2.50400e+00
      Potential    Kinetic En.   Total Energy  Conserved En.    Temperature
   -1.79711e+05    2.73663e+04   -1.52344e+05   -1.83889e+05    2.99723e+02
 Pressure (bar)
    1.44681e+01

           Step           Time
          60000      600.00000

   Energies (kJ/mol)
           Bond          Angle        LJ (SR)   Coulomb (SR)   Flat-b. P-R.
    1.64401e+01    1.08074e+01   -1.79833e+05   -5.15609e-01    5.53615e+00
      Potential    Kinetic En.   Total Energy  Conserved En.    Temperature
   -1.79801e+05    2.74703e+04   -1.52331e+05   -1.83854e+05    3.00862e+02
 Pressure (bar)
   -9.95056e+00

           Step           Time
          70000      700.00000

   Energies (kJ/mol)
           Bond          Angle        LJ (SR)   Coulomb (SR)   Flat-b. P-R.
    1.77510e+01    1.70827e+01   -1.80093e+05   -6.19536e-01    2.12959e+00
      Potential    Kinetic En.   Total Energy  Conserved En.    Temperature
   -1.80057e+05    2.77384e+04   -1.52319e+05   -1.83828e+05    3.03798e+02
 Pressure (bar)
   -2.61008e+01

           Step           Time
          80000      800.00000

   Energies (kJ/mol)
           Bond          Angle        LJ (SR)   Coulomb (SR)   Flat-b. P-R.
    1.60536e+01    1.16177e+01   -1.79862e+05   -5.67349e-01    7.72528e+00
      Potential    Kinetic En.   Total Energy  Conserved En.    Temperature
   -1.79827e+05    2.72706e+04   -1.52556e+05   -1.83821e+05    2.98675e+02
 Pressure (bar)
    8.17315e+00

           Step           Time
          90000      900.00000

   Energies (kJ/mol)
           Bond          Angle        LJ (SR)   Coulomb (SR)   Flat-b. P-R.
    1.85899e+01    1.52561e+01   -1.79707e+05   -5.93951e-01    2.25142e+00
      Potential    Kinetic En.   Total Energy  Conserved En.    Temperature
   -1.79672e+05    2.74550e+04   -1.52217e+05   -1.83782e+05    3.00695e+02
 Pressure (bar)
   -3.24655e+01

           Step           Time
         100000     1000.00000

Writing checkpoint, step 100000 at Tue Nov  4 10:34:41 2025


   Energies (kJ/mol)
           Bond          Angle        LJ (SR)   Coulomb (SR)   Flat-b. P-R.
    2.39299e+01    8.59569e+00   -1.79361e+05   -6.05272e-01    1.25278e+01
      Potential    Kinetic En.   Total Energy  Conserved En.    Temperature
   -1.79317e+05    2.70990e+04   -1.52218e+05   -1.83793e+05    2.96796e+02
 Pressure (bar)
    4.40757e+01


Energy conservation over simulation part #1 of length 1000 ps, time 0 to 1000 ps
  Conserved energy drift: 1.67e-05 kJ/mol/ps per atom


	<======  ###############  ==>
	<====  A V E R A G E S  ====>
	<==  ###############  ======>

	Statistics over 100001 steps using 1001 frames

   Energies (kJ/mol)
           Bond          Angle        LJ (SR)   Coulomb (SR)   Flat-b. P-R.
    1.68273e+01    1.81799e+01   -1.79697e+05   -5.55893e-01    5.62953e+00
      Potential    Kinetic En.   Total Energy  Conserved En.    Temperature
   -1.79657e+05    2.73650e+04   -1.52292e+05   -1.83882e+05    2.99709e+02
 Pressure (bar)
   -1.32049e+00

          Box-X          Box-Y          Box-Z
    1.07868e+01    1.07868e+01    7.62742e+00

   Total Virial (kJ/mol)
    9.16296e+03    4.87233e+01   -1.23484e+01
    4.87231e+01    9.13690e+03   -2.28720e+01
   -1.23485e+01   -2.28729e+01    9.17777e+03

   Pressure (bar)
   -1.47763e+00   -1.79042e+00    2.67050e-01
   -1.79041e+00   -5.81955e-01    7.98566e-01
    2.67054e-01    7.98598e-01   -1.90188e+00


	M E G A - F L O P S   A C C O U N T I N G

 NB=Group-cutoff nonbonded kernels    NxN=N-by-N cluster Verlet kernels
 RF=Reaction-Field  VdW=Van der Waals  QSTab=quadratic-spline table
 W3=SPC/TIP3p  W4=TIP4p (single or pairs)
 V&F=Potential and force  V=Potential only  F=Force only

 Computing:                               M-Number         M-Flops  % Flops
-----------------------------------------------------------------------------
 Pair Search distance check            4914.138858       44227.250     1.5
 NxN RF Elec. + LJ [F]                   79.551632        3022.962     0.1
 NxN RF Elec. + LJ [V&F]                  0.802576          43.339     0.0
 NxN LJ [F]                           86278.688160     2847196.709    97.0
 NxN LJ [V&F]                           872.433520       37514.641     1.3
 Shift-X                                 36.617322         219.704     0.0
 Bonds                                    1.200012          70.801     0.0
 Angles                                   1.000010         168.002     0.0
 Flat-bottom posres                       1.200012          60.001     0.0
 Virial                                   7.374367         132.739     0.0
 Stop-CM                                  7.336644          73.366     0.0
 P-Coupling                               7.329322          43.976     0.0
 Calc-Ekin                               73.234644        1977.335     0.1
-----------------------------------------------------------------------------
 Total                                                 2934750.825   100.0
-----------------------------------------------------------------------------


      R E A L   C Y C L E   A N D   T I M E   A C C O U N T I N G

On 1 MPI rank, each using 5 OpenMP threads

 Activity:              Num   Num      Call    Wall time         Giga-Cycles
                        Ranks Threads  Count      (s)         total sum    %
--------------------------------------------------------------------------------
 Neighbor search           1    5       5001       2.831          0.340  14.0
 Force                     1    5     100001      15.735          1.888  77.6
 NB X/F buffer ops.        1    5     195001       1.088          0.131   5.4
 Write traj.               1    5        101       0.075          0.009   0.4
 Update                    1    5     100001       0.348          0.042   1.7
 Rest                                              0.209          0.025   1.0
--------------------------------------------------------------------------------
 Total                                            20.285          2.434 100.0
--------------------------------------------------------------------------------

NOTE: 14 % of the run time was spent in pair search,
      you might want to increase nstlist (this has no effect on accuracy)

               Core t (s)   Wall t (s)        (%)
       Time:      101.423       20.285      500.0
                 (ns/day)    (hour/ns)
Performance:     4259.405        0.006
Finished mdrun on rank 0 Tue Nov  4 10:34:41 2025

